Build started 22-Mar-13 5:09:25 PM.
     1>Project "c:\Users\airwizard\documents\visual studio 2010\Projects\compact_AES_CMAC\compact_AES_CMAC\compact_AES_CMAC.vcxproj" on node 2 (build target(s)).
     1>InitializeBuildStatus:
         Creating "Debug\compact_AES_CMAC.unsuccessfulbuild" because "AlwaysCreate" was specified.
       ClCompile:
         All outputs are up-to-date.
         c:\Program Files (x86)\Microsoft Visual Studio 10.0\VC\bin\CL.exe /c /ZI /nologo /W3 /WX- /Od /Oy- /D WIN32 /D _DEBUG /D _CONSOLE /D _UNICODE /D UNICODE /Gm /EHsc /RTC1 /MDd /GS /fp:precise /Zc:wchar_t /Zc:forScope /Yu"StdAfx.h" /Fp"Debug\compact_AES_CMAC.pch" /Fo"Debug\\" /Fd"Debug\vc100.pdb" /Gd /TP /analyze- /errorReport:prompt compact_AES_CMAC.cpp
         compact_AES_CMAC.cpp
     1>c:\users\airwizard\documents\visual studio 2010\projects\compact_aes_cmac\compact_aes_cmac\compact_aes_cmac.cpp(1002): warning C4101: 'temp' : unreferenced local variable
       ManifestResourceCompile:
         All outputs are up-to-date.
       Link:
         c:\Program Files (x86)\Microsoft Visual Studio 10.0\VC\bin\link.exe /ERRORREPORT:PROMPT /OUT:"c:\users\airwizard\documents\visual studio 2010\Projects\compact_AES_CMAC\Debug\compact_AES_CMAC.exe" /INCREMENTAL /NOLOGO kernel32.lib user32.lib gdi32.lib winspool.lib comdlg32.lib advapi32.lib shell32.lib ole32.lib oleaut32.lib uuid.lib odbc32.lib odbccp32.lib /MANIFEST /ManifestFile:"Debug\compact_AES_CMAC.exe.intermediate.manifest" /MANIFESTUAC:"level='asInvoker' uiAccess='false'" /DEBUG /PDB:"c:\users\airwizard\documents\visual studio 2010\Projects\compact_AES_CMAC\Debug\compact_AES_CMAC.pdb" /SUBSYSTEM:CONSOLE /TLBID:1 /DYNAMICBASE /NXCOMPAT /IMPLIB:"c:\users\airwizard\documents\visual studio 2010\Projects\compact_AES_CMAC\Debug\compact_AES_CMAC.lib" /MACHINE:X86 Debug\compact_AES_CMAC.exe.embed.manifest.res
         Debug\compact_AES_CMAC.obj
         Debug\stdafx.obj
       Manifest:
         C:\Program Files (x86)\Microsoft SDKs\Windows\v7.0A\bin\mt.exe /nologo /verbose /out:"Debug\compact_AES_CMAC.exe.embed.manifest" /manifest Debug\compact_AES_CMAC.exe.intermediate.manifest
         All outputs are up-to-date.
       LinkEmbedManifest:
         All outputs are up-to-date.
         compact_AES_CMAC.vcxproj -> c:\users\airwizard\documents\visual studio 2010\Projects\compact_AES_CMAC\Debug\compact_AES_CMAC.exe
       FinalizeBuildStatus:
         Deleting file "Debug\compact_AES_CMAC.unsuccessfulbuild".
         Touching "Debug\compact_AES_CMAC.lastbuildstate".
     1>Done Building Project "c:\Users\airwizard\documents\visual studio 2010\Projects\compact_AES_CMAC\compact_AES_CMAC\compact_AES_CMAC.vcxproj" (build target(s)).

Build succeeded.

Time Elapsed 00:00:00.86
